<?xml version="1.0" encoding="UTF-8"?>
<testsuites name="TS3" time="21.169" tests="1" failures="0" errors="0">
   <testsuite name="TS3" tests="1" failures="0" errors="0" time="21.169" skipped="0" timestamp="2023-07-10 15:00:43" hostname="manisha.kamble - INBL01LAP30379.brd.g-c-i.com" id="Test Suites/TS3">
      <properties>
         <property name="deviceName" value=""/>
         <property name="devicePlatform" value=""/>
         <property name="logFolder" value="C:\\Users\\manisha.kamble\\git\\KatalonAPI\\Reports\\20230710_150027\\TS3\\20230710_150028"/>
         <property name="logFiles" value="C:\\Users\\manisha.kamble\\git\\KatalonAPI\\Reports\\20230710_150027\\TS3\\20230710_150028\\execution0.log"/>
         <property name="attachments" value=""/>
         <property name="hostName" value="manisha.kamble - INBL01LAP30379.brd.g-c-i.com"/>
         <property name="os" value="Windows 10 64bit"/>
         <property name="katalonVersion" value="8.6.0.208"/>
         <property name="browser" value="Chrome 114.0.0.0"/>
         <property name="hostAddress" value="192.168.227.158"/>
         <property name="sessionId" value="cecce6f2231de12e5617cdcaf7100d7f"/>
         <property name="seleniumVersion" value="3.141.59"/>
         <property name="proxyInformation" value="ProxyInformation { proxyOption=NO_PROXY, proxyServerType=HTTP, username=, password=********, proxyServerAddress=, proxyServerPort=0, executionList=&quot;&quot;, isApplyToDesiredCapabilities=true }"/>
         <property name="platform" value="Windows 10"/>
      </properties>
      <testcase name="Test Cases/testCase2" time="20.9" classname="Test Cases/testCase2" status="PASSED">
         <system-out><![CDATA[2023-07-10 15:00:43 - [TEST_CASE][PASSED] - Test Cases/testCase2: Test Cases/testCase2

2023-07-10 15:00:44 - [TEST_STEP][PASSED] - openBrowser(""): Browser is opened with url: ''

2023-07-10 15:00:44 - [MESSAGE][INFO] - Starting 'Chrome' driver

2023-07-10 15:00:44 - [MESSAGE][INFO] - Action delay is set to 0 milliseconds

2023-07-10 15:00:47 - [MESSAGE][PASSED] - Browser is opened with url: ''

2023-07-10 15:00:47 - [TEST_STEP][PASSED] - navigateToUrl("https://opensource-demo.orangehrmlive.com/web/index.php/auth/login"): Navigate to 'https://opensource-demo.orangehrmlive.com/web/index.php/auth/login' successfully

2023-07-10 15:00:54 - [MESSAGE][PASSED] - Navigate to 'https://opensource-demo.orangehrmlive.com/web/index.php/auth/login' successfully

2023-07-10 15:00:54 - [TEST_STEP][PASSED] - setText(findTestObject("Object Repository/TestCase2/Page_OrangeHRM/input_Username_username"), "Admin"): Text 'Admin' is set on object 'Object Repository/TestCase2/Page_OrangeHRM/input_Username_username'

2023-07-10 15:00:56 - [MESSAGE][PASSED] - Text 'Admin' is set on object 'Object Repository/TestCase2/Page_OrangeHRM/input_Username_username'

2023-07-10 15:00:56 - [TEST_STEP][PASSED] - setEncryptedText(findTestObject("Object Repository/TestCase2/Page_OrangeHRM/input_Password_password"), "hUKwJTbofgPU9eVlw/CnDQ=="): Text ****** has been set on object 'Object Repository/TestCase2/Page_OrangeHRM/input_Password_password'

2023-07-10 15:00:56 - [MESSAGE][PASSED] - Text ****** has been set on object 'Object Repository/TestCase2/Page_OrangeHRM/input_Password_password'

2023-07-10 15:00:56 - [TEST_STEP][PASSED] - click(findTestObject("Object Repository/TestCase2/Page_OrangeHRM/button_Login")): Object: 'Object Repository/TestCase2/Page_OrangeHRM/button_Login' is clicked on

2023-07-10 15:00:57 - [MESSAGE][PASSED] - Object: 'Object Repository/TestCase2/Page_OrangeHRM/button_Login' is clicked on

2023-07-10 15:00:57 - [TEST_STEP][PASSED] - click(findTestObject("Object Repository/TestCase2/Page_OrangeHRM/h6_Dashboard")): Object: 'Object Repository/TestCase2/Page_OrangeHRM/h6_Dashboard' is clicked on

2023-07-10 15:01:01 - [MESSAGE][PASSED] - Object: 'Object Repository/TestCase2/Page_OrangeHRM/h6_Dashboard' is clicked on

2023-07-10 15:01:01 - [TEST_STEP][PASSED] - click(findTestObject("Object Repository/TestCase2/Page_OrangeHRM/i_Dashboard_oxd-icon bi-caret-down-fill oxd_d2fd49")): Object: 'Object Repository/TestCase2/Page_OrangeHRM/i_Dashboard_oxd-icon bi-caret-down-fill oxd_d2fd49' is clicked on

2023-07-10 15:01:01 - [MESSAGE][PASSED] - Object: 'Object Repository/TestCase2/Page_OrangeHRM/i_Dashboard_oxd-icon bi-caret-down-fill oxd_d2fd49' is clicked on

2023-07-10 15:01:01 - [TEST_STEP][PASSED] - click(findTestObject("Object Repository/TestCase2/Page_OrangeHRM/a_Logout")): Object: 'Object Repository/TestCase2/Page_OrangeHRM/a_Logout' is clicked on

2023-07-10 15:01:03 - [MESSAGE][PASSED] - Object: 'Object Repository/TestCase2/Page_OrangeHRM/a_Logout' is clicked on

2023-07-10 15:01:03 - [TEST_STEP][PASSED] - closeBrowser(): Browser is closed

2023-07-10 15:01:04 - [MESSAGE][PASSED] - Browser is closed]]></system-out>
         <system-err><![CDATA[]]></system-err>
      </testcase>
      <system-out><![CDATA[2023-07-10 15:00:43 - [TEST_SUITE][PASSED] - TS3: Test Cases/testCase2]]></system-out>
      <system-err><![CDATA[]]></system-err>
   </testsuite>
</testsuites>
