<?xml version="1.0" encoding="UTF-8"?>
<testsuites name="git1" time="144.24" tests="1" failures="0" errors="0">
   <testsuite name="git1" tests="1" failures="0" errors="0" time="144.24" skipped="0" timestamp="2023-07-10 14:46:27" hostname="manisha.kamble - INBL01LAP30379.brd.g-c-i.com" id="Test Suites/git1">
      <properties>
         <property name="deviceName"/>
         <property name="devicePlatform" value="WINDOWS"/>
         <property name="logFolder" value="C:\\Users\\manisha.kamble\\git\\KatalonAPI\\Reports\\20230710_144610\\git1\\20230710_144610"/>
         <property name="logFiles" value="C:\\Users\\manisha.kamble\\git\\KatalonAPI\\Reports\\20230710_144610\\git1\\20230710_144610\\execution0.log"/>
         <property name="attachments" value=""/>
         <property name="hostName" value="manisha.kamble - INBL01LAP30379.brd.g-c-i.com"/>
         <property name="remoteDriverUrl" value="testcloud.katalon.com/hub"/>
         <property name="desiredCapabilities" value="{
  &quot;se:cdpVersion&quot;: &quot;114.0.1823.43&quot;,
  &quot;timeouts&quot;: {
    &quot;implicit&quot;: 0,
    &quot;pageLoad&quot;: 300000,
    &quot;script&quot;: 30000
  },
  &quot;platform&quot;: &quot;WINDOWS&quot;,
  &quot;requestId&quot;: &quot;91359701-416d-449f-9a2d-d40001f14eca&quot;,
  &quot;webauthn:extension:credBlob&quot;: true,
  &quot;acceptInsecureCerts&quot;: false,
  &quot;browserVersion&quot;: &quot;Chromium&quot;,
  &quot;browserName&quot;: &quot;msedge&quot;,
  &quot;javascriptEnabled&quot;: true,
  &quot;katalon:option&quot;: {
    &quot;unlimitedExecutionMinutes&quot;: true,
    &quot;userId&quot;: 1215677,
    &quot;organizationId&quot;: &quot;1191570&quot;,
    &quot;class&quot;: &quot;com.katalon.testcloud.grid.common.tunnel.domain.UserOptionCapability&quot;,
    &quot;runFromTestCloud&quot;: true,
    &quot;usingTunnel&quot;: false
  },
  &quot;platformName&quot;: &quot;WINDOWS&quot;,
  &quot;ms:edgeOptions&quot;: {
    &quot;debuggerAddress&quot;: &quot;localhost:49926&quot;
  },
  &quot;setWindowRect&quot;: true,
  &quot;webauthn:extension:largeBlob&quot;: true,
  &quot;networkConnectionEnabled&quot;: false,
  &quot;msedge&quot;: {
    &quot;msedgedriverVersion&quot;: &quot;114.0.1823.18 (8b9609669814d9cfea3542ea61f14425e1212100)&quot;,
    &quot;userDataDir&quot;: &quot;C:\\Windows\\SystemTemp\\scoped_dir5504_918272670&quot;
  },
  &quot;pageLoadStrategy&quot;: &quot;normal&quot;,
  &quot;unhandledPromptBehavior&quot;: &quot;dismiss and notify&quot;,
  &quot;strictFileInteractability&quot;: false,
  &quot;se:cdp&quot;: &quot;ws://10.0.2.15:4444/session/241d0e45d75ba17f7a55deb03865790a/se/cdp&quot;,
  &quot;proxy&quot;: {
    &quot;proxyType&quot;: &quot;DIRECT&quot;,
    &quot;autodetect&quot;: false
  },
  &quot;webauthn:extension:minPinLength&quot;: true,
  &quot;webauthn:extension:prf&quot;: true,
  &quot;webauthn:virtualAuthenticators&quot;: true
}"/>
         <property name="os" value="Windows 10 64bit"/>
         <property name="remoteOS" value="Windows"/>
         <property name="katalonVersion" value="8.6.0.208"/>
         <property name="browser" value="Edge Chromium 114"/>
         <property name="hostAddress" value="192.168.227.158"/>
         <property name="sessionId" value="241d0e45d75ba17f7a55deb03865790a"/>
         <property name="seleniumVersion" value="3.141.59"/>
         <property name="proxyInformation" value="ProxyInformation { proxyOption=NO_PROXY, proxyServerType=HTTP, username=, password=********, proxyServerAddress=, proxyServerPort=0, executionList=&quot;&quot;, isApplyToDesiredCapabilities=true }"/>
         <property name="platform" value="Windows 10"/>
      </properties>
      <testcase name="Test Cases/test1" time="143.958" classname="Test Cases/test1" status="PASSED">
         <system-out><![CDATA[2023-07-10 14:46:27 - [TEST_CASE][PASSED] - Test Cases/test1: Test Cases/test1

2023-07-10 14:46:28 - [TEST_STEP][PASSED] - openBrowser(""): Browser is opened with url: ''

2023-07-10 14:46:28 - [MESSAGE][INFO] - User set preference: ['os', 'windows']

2023-07-10 14:46:28 - [MESSAGE][INFO] - User set preference: ['browserName', 'msedge']

2023-07-10 14:46:28 - [MESSAGE][INFO] - User set preference: ['browserVersion', '114']

2023-07-10 14:46:28 - [MESSAGE][INFO] - User set preference: ['katalon:option', '{organizationId=1191570, tunnelId=, usingTunnel=false}']

2023-07-10 14:46:28 - [MESSAGE][INFO] - Connecting to remote web server 'testcloud.katalon.com/hub' with type 'Selenium'

2023-07-10 14:46:29 - [MESSAGE][INFO] - Action delay is set to 0 milliseconds

2023-07-10 14:48:32 - [MESSAGE][PASSED] - Browser is opened with url: ''

2023-07-10 14:48:32 - [TEST_STEP][PASSED] - navigateToUrl("https://www.interviewbit.com/javascript-interview-questions/"): Navigate to 'https://www.interviewbit.com/javascript-interview-questions/' successfully

2023-07-10 14:48:42 - [MESSAGE][PASSED] - Navigate to 'https://www.interviewbit.com/javascript-interview-questions/' successfully

2023-07-10 14:48:42 - [TEST_STEP][PASSED] - click(findTestObject("Object Repository/git1/Page_JavaScript Interview Questions and Ans_8879ef/h1_JavaScript  Interview Questions")): Object: 'Object Repository/git1/Page_JavaScript Interview Questions and Ans_8879ef/h1_JavaScript  Interview Questions' is clicked on

2023-07-10 14:48:49 - [MESSAGE][PASSED] - Object: 'Object Repository/git1/Page_JavaScript Interview Questions and Ans_8879ef/h1_JavaScript  Interview Questions' is clicked on

2023-07-10 14:48:49 - [TEST_STEP][PASSED] - closeBrowser(): Browser is closed

2023-07-10 14:48:51 - [MESSAGE][PASSED] - Browser is closed]]></system-out>
         <system-err><![CDATA[]]></system-err>
      </testcase>
      <system-out><![CDATA[2023-07-10 14:46:27 - [TEST_SUITE][PASSED] - git1: Test Cases/test1]]></system-out>
      <system-err><![CDATA[]]></system-err>
   </testsuite>
</testsuites>
