<?xml version="1.0" encoding="UTF-8"?>
<testsuites name="git1" time="146.491" tests="1" failures="0" errors="0">
   <testsuite name="git1" tests="1" failures="0" errors="0" time="146.491" skipped="0" timestamp="2023-07-10 14:25:23" hostname="manisha.kamble - INBL01LAP30379.brd.g-c-i.com" id="Test Suites/git1">
      <properties>
         <property name="deviceName" value=""/>
         <property name="devicePlatform" value=""/>
         <property name="logFolder" value="C:\\Users\\manisha.kamble\\git\\KatalonAPI\\Reports\\20230710_142433\\git1\\20230710_142433"/>
         <property name="logFiles" value="C:\\Users\\manisha.kamble\\git\\KatalonAPI\\Reports\\20230710_142433\\git1\\20230710_142433\\execution0.log"/>
         <property name="attachments" value=""/>
         <property name="hostName" value="manisha.kamble - INBL01LAP30379.brd.g-c-i.com"/>
         <property name="os" value="Windows 10 64bit"/>
         <property name="katalonVersion" value="8.6.0.208"/>
         <property name="browser" value="Chrome 114.0.0.0"/>
         <property name="hostAddress" value="192.168.227.158"/>
         <property name="sessionId" value="be3f924f253f8ca0266a8a0509e0cbf9"/>
         <property name="seleniumVersion" value="3.141.59"/>
         <property name="proxyInformation" value="ProxyInformation { proxyOption=NO_PROXY, proxyServerType=HTTP, username=, password=********, proxyServerAddress=, proxyServerPort=0, executionList=&quot;&quot;, isApplyToDesiredCapabilities=true }"/>
         <property name="platform" value="Windows 10"/>
      </properties>
      <testcase name="Test Cases/test1" time="139.675" classname="Test Cases/test1" status="PASSED">
         <system-out><![CDATA[2023-07-10 14:25:29 - [TEST_CASE][PASSED] - Test Cases/test1: Test Cases/test1

2023-07-10 14:25:36 - [TEST_STEP][PASSED] - openBrowser(""): Browser is opened with url: ''

2023-07-10 14:25:47 - [MESSAGE][INFO] - Starting 'Chrome' driver

2023-07-10 14:25:49 - [MESSAGE][INFO] - Action delay is set to 0 milliseconds

2023-07-10 14:26:46 - [MESSAGE][PASSED] - Browser is opened with url: ''

2023-07-10 14:26:46 - [TEST_STEP][PASSED] - navigateToUrl("https://www.interviewbit.com/javascript-interview-questions/"): Navigate to 'https://www.interviewbit.com/javascript-interview-questions/' successfully

2023-07-10 14:27:44 - [MESSAGE][PASSED] - Navigate to 'https://www.interviewbit.com/javascript-interview-questions/' successfully

2023-07-10 14:27:44 - [TEST_STEP][PASSED] - click(findTestObject("Object Repository/git1/Page_JavaScript Interview Questions and Ans_8879ef/h1_JavaScript  Interview Questions")): Object: 'Object Repository/git1/Page_JavaScript Interview Questions and Ans_8879ef/h1_JavaScript  Interview Questions' is clicked on

2023-07-10 14:27:48 - [MESSAGE][PASSED] - Object: 'Object Repository/git1/Page_JavaScript Interview Questions and Ans_8879ef/h1_JavaScript  Interview Questions' is clicked on

2023-07-10 14:27:48 - [TEST_STEP][PASSED] - closeBrowser(): Browser is closed

2023-07-10 14:27:49 - [MESSAGE][PASSED] - Browser is closed]]></system-out>
         <system-err><![CDATA[]]></system-err>
      </testcase>
      <system-out><![CDATA[2023-07-10 14:25:23 - [TEST_SUITE][PASSED] - git1: Test Cases/test1]]></system-out>
      <system-err><![CDATA[]]></system-err>
   </testsuite>
</testsuites>
