<?xml version="1.0" encoding="UTF-8"?>
<testsuites name="TS3" time="135.527" tests="1" failures="0" errors="0">
   <testsuite name="TS3" tests="1" failures="0" errors="0" time="135.527" skipped="0" timestamp="2023-07-10 15:02:52" hostname="manisha.kamble - INBL01LAP30379.brd.g-c-i.com" id="Test Suites/TS3">
      <properties>
         <property name="deviceName"/>
         <property name="devicePlatform" value="WINDOWS"/>
         <property name="logFolder" value="C:\\Users\\manisha.kamble\\git\\KatalonAPI\\Reports\\20230710_150240\\TS3\\20230710_150240"/>
         <property name="logFiles" value="C:\\Users\\manisha.kamble\\git\\KatalonAPI\\Reports\\20230710_150240\\TS3\\20230710_150240\\execution0.log"/>
         <property name="attachments" value=""/>
         <property name="hostName" value="manisha.kamble - INBL01LAP30379.brd.g-c-i.com"/>
         <property name="remoteDriverUrl" value="testcloud.katalon.com/hub"/>
         <property name="desiredCapabilities" value="{
  &quot;se:cdpVersion&quot;: &quot;114.0.1823.43&quot;,
  &quot;timeouts&quot;: {
    &quot;implicit&quot;: 0,
    &quot;pageLoad&quot;: 300000,
    &quot;script&quot;: 30000
  },
  &quot;platform&quot;: &quot;WINDOWS&quot;,
  &quot;requestId&quot;: &quot;bc87c698-36cb-4e11-bbe5-e78306eae6d8&quot;,
  &quot;webauthn:extension:credBlob&quot;: true,
  &quot;acceptInsecureCerts&quot;: false,
  &quot;browserVersion&quot;: &quot;Chromium&quot;,
  &quot;browserName&quot;: &quot;msedge&quot;,
  &quot;javascriptEnabled&quot;: true,
  &quot;katalon:option&quot;: {
    &quot;unlimitedExecutionMinutes&quot;: true,
    &quot;userId&quot;: 1215677,
    &quot;organizationId&quot;: &quot;1191570&quot;,
    &quot;class&quot;: &quot;com.katalon.testcloud.grid.common.tunnel.domain.UserOptionCapability&quot;,
    &quot;runFromTestCloud&quot;: true,
    &quot;usingTunnel&quot;: false
  },
  &quot;platformName&quot;: &quot;WINDOWS&quot;,
  &quot;ms:edgeOptions&quot;: {
    &quot;debuggerAddress&quot;: &quot;localhost:49924&quot;
  },
  &quot;setWindowRect&quot;: true,
  &quot;webauthn:extension:largeBlob&quot;: true,
  &quot;networkConnectionEnabled&quot;: false,
  &quot;msedge&quot;: {
    &quot;msedgedriverVersion&quot;: &quot;114.0.1823.18 (8b9609669814d9cfea3542ea61f14425e1212100)&quot;,
    &quot;userDataDir&quot;: &quot;C:\\Windows\\SystemTemp\\scoped_dir4644_1885386637&quot;
  },
  &quot;pageLoadStrategy&quot;: &quot;normal&quot;,
  &quot;unhandledPromptBehavior&quot;: &quot;dismiss and notify&quot;,
  &quot;strictFileInteractability&quot;: false,
  &quot;se:cdp&quot;: &quot;ws://10.0.2.15:4444/session/f7058437e0e66fcfcb628dac0931aa9b/se/cdp&quot;,
  &quot;proxy&quot;: {
    &quot;proxyType&quot;: &quot;DIRECT&quot;,
    &quot;autodetect&quot;: false
  },
  &quot;webauthn:extension:minPinLength&quot;: true,
  &quot;webauthn:extension:prf&quot;: true,
  &quot;webauthn:virtualAuthenticators&quot;: true
}"/>
         <property name="os" value="Windows 10 64bit"/>
         <property name="remoteOS" value="Windows"/>
         <property name="katalonVersion" value="8.6.0.208"/>
         <property name="browser" value="Edge Chromium 114"/>
         <property name="hostAddress" value="192.168.227.158"/>
         <property name="sessionId" value="f7058437e0e66fcfcb628dac0931aa9b"/>
         <property name="seleniumVersion" value="3.141.59"/>
         <property name="proxyInformation" value="ProxyInformation { proxyOption=NO_PROXY, proxyServerType=HTTP, username=, password=********, proxyServerAddress=, proxyServerPort=0, executionList=&quot;&quot;, isApplyToDesiredCapabilities=true }"/>
         <property name="platform" value="Windows 10"/>
      </properties>
      <testcase name="Test Cases/testCase2" time="135.263" classname="Test Cases/testCase2" status="PASSED">
         <system-out><![CDATA[2023-07-10 15:02:52 - [TEST_CASE][PASSED] - Test Cases/testCase2: Test Cases/testCase2

2023-07-10 15:02:52 - [TEST_STEP][PASSED] - openBrowser(""): Browser is opened with url: ''

2023-07-10 15:02:52 - [MESSAGE][INFO] - User set preference: ['os', 'windows']

2023-07-10 15:02:52 - [MESSAGE][INFO] - User set preference: ['browserName', 'msedge']

2023-07-10 15:02:52 - [MESSAGE][INFO] - User set preference: ['browserVersion', '114']

2023-07-10 15:02:52 - [MESSAGE][INFO] - User set preference: ['katalon:option', '{organizationId=1191570, tunnelId=, usingTunnel=false}']

2023-07-10 15:02:52 - [MESSAGE][INFO] - Connecting to remote web server 'testcloud.katalon.com/hub' with type 'Selenium'

2023-07-10 15:02:53 - [MESSAGE][INFO] - Action delay is set to 0 milliseconds

2023-07-10 15:04:26 - [MESSAGE][PASSED] - Browser is opened with url: ''

2023-07-10 15:04:26 - [TEST_STEP][PASSED] - navigateToUrl("https://opensource-demo.orangehrmlive.com/web/index.php/auth/login"): Navigate to 'https://opensource-demo.orangehrmlive.com/web/index.php/auth/login' successfully

2023-07-10 15:04:30 - [MESSAGE][PASSED] - Navigate to 'https://opensource-demo.orangehrmlive.com/web/index.php/auth/login' successfully

2023-07-10 15:04:30 - [TEST_STEP][PASSED] - setText(findTestObject("Object Repository/TestCase2/Page_OrangeHRM/input_Username_username"), "Admin"): Text 'Admin' is set on object 'Object Repository/TestCase2/Page_OrangeHRM/input_Username_username'

2023-07-10 15:04:45 - [MESSAGE][PASSED] - Text 'Admin' is set on object 'Object Repository/TestCase2/Page_OrangeHRM/input_Username_username'

2023-07-10 15:04:45 - [TEST_STEP][PASSED] - setEncryptedText(findTestObject("Object Repository/TestCase2/Page_OrangeHRM/input_Password_password"), "hUKwJTbofgPU9eVlw/CnDQ=="): Text ****** has been set on object 'Object Repository/TestCase2/Page_OrangeHRM/input_Password_password'

2023-07-10 15:04:51 - [MESSAGE][PASSED] - Text ****** has been set on object 'Object Repository/TestCase2/Page_OrangeHRM/input_Password_password'

2023-07-10 15:04:51 - [TEST_STEP][PASSED] - click(findTestObject("Object Repository/TestCase2/Page_OrangeHRM/button_Login")): Object: 'Object Repository/TestCase2/Page_OrangeHRM/button_Login' is clicked on

2023-07-10 15:04:54 - [MESSAGE][PASSED] - Object: 'Object Repository/TestCase2/Page_OrangeHRM/button_Login' is clicked on

2023-07-10 15:04:54 - [TEST_STEP][PASSED] - click(findTestObject("Object Repository/TestCase2/Page_OrangeHRM/h6_Dashboard")): Object: 'Object Repository/TestCase2/Page_OrangeHRM/h6_Dashboard' is clicked on

2023-07-10 15:04:59 - [MESSAGE][PASSED] - Object: 'Object Repository/TestCase2/Page_OrangeHRM/h6_Dashboard' is clicked on

2023-07-10 15:04:59 - [TEST_STEP][PASSED] - click(findTestObject("Object Repository/TestCase2/Page_OrangeHRM/i_Dashboard_oxd-icon bi-caret-down-fill oxd_d2fd49")): Object: 'Object Repository/TestCase2/Page_OrangeHRM/i_Dashboard_oxd-icon bi-caret-down-fill oxd_d2fd49' is clicked on

2023-07-10 15:05:02 - [MESSAGE][PASSED] - Object: 'Object Repository/TestCase2/Page_OrangeHRM/i_Dashboard_oxd-icon bi-caret-down-fill oxd_d2fd49' is clicked on

2023-07-10 15:05:02 - [TEST_STEP][PASSED] - click(findTestObject("Object Repository/TestCase2/Page_OrangeHRM/a_Logout")): Object: 'Object Repository/TestCase2/Page_OrangeHRM/a_Logout' is clicked on

2023-07-10 15:05:05 - [MESSAGE][PASSED] - Object: 'Object Repository/TestCase2/Page_OrangeHRM/a_Logout' is clicked on

2023-07-10 15:05:05 - [TEST_STEP][PASSED] - closeBrowser(): Browser is closed

2023-07-10 15:05:07 - [MESSAGE][PASSED] - Browser is closed]]></system-out>
         <system-err><![CDATA[]]></system-err>
      </testcase>
      <system-out><![CDATA[2023-07-10 15:02:52 - [TEST_SUITE][PASSED] - TS3: Test Cases/testCase2]]></system-out>
      <system-err><![CDATA[]]></system-err>
   </testsuite>
</testsuites>
