<?xml version="1.0" encoding="UTF-8"?>
<testsuites name="TestSuite4" time="168.441" tests="1" failures="0" errors="0">
   <testsuite name="TestSuite4" tests="1" failures="0" errors="0" time="168.441" skipped="0" timestamp="2023-07-10 15:24:34" hostname="manisha.kamble - INBL01LAP30379.brd.g-c-i.com" id="Test Suites/TestSuite4">
      <properties>
         <property name="deviceName"/>
         <property name="devicePlatform" value="WINDOWS"/>
         <property name="logFolder" value="C:\\Users\\manisha.kamble\\git\\KatalonAPI\\Reports\\20230710_152422\\TestSuite4\\20230710_152422"/>
         <property name="logFiles" value="C:\\Users\\manisha.kamble\\git\\KatalonAPI\\Reports\\20230710_152422\\TestSuite4\\20230710_152422\\execution0.log"/>
         <property name="attachments" value=""/>
         <property name="hostName" value="manisha.kamble - INBL01LAP30379.brd.g-c-i.com"/>
         <property name="remoteDriverUrl" value="testcloud.katalon.com/hub"/>
         <property name="desiredCapabilities" value="{
  &quot;se:cdpVersion&quot;: &quot;114.0.1823.43&quot;,
  &quot;timeouts&quot;: {
    &quot;implicit&quot;: 0,
    &quot;pageLoad&quot;: 300000,
    &quot;script&quot;: 30000
  },
  &quot;platform&quot;: &quot;WINDOWS&quot;,
  &quot;requestId&quot;: &quot;9f4c6608-627c-438c-918c-1c50d09cc802&quot;,
  &quot;webauthn:extension:credBlob&quot;: true,
  &quot;acceptInsecureCerts&quot;: false,
  &quot;browserVersion&quot;: &quot;Chromium&quot;,
  &quot;browserName&quot;: &quot;msedge&quot;,
  &quot;javascriptEnabled&quot;: true,
  &quot;katalon:option&quot;: {
    &quot;unlimitedExecutionMinutes&quot;: true,
    &quot;userId&quot;: 1215677,
    &quot;organizationId&quot;: &quot;1191570&quot;,
    &quot;class&quot;: &quot;com.katalon.testcloud.grid.common.tunnel.domain.UserOptionCapability&quot;,
    &quot;runFromTestCloud&quot;: true,
    &quot;usingTunnel&quot;: false
  },
  &quot;platformName&quot;: &quot;WINDOWS&quot;,
  &quot;ms:edgeOptions&quot;: {
    &quot;debuggerAddress&quot;: &quot;localhost:49938&quot;
  },
  &quot;setWindowRect&quot;: true,
  &quot;webauthn:extension:largeBlob&quot;: true,
  &quot;networkConnectionEnabled&quot;: false,
  &quot;msedge&quot;: {
    &quot;msedgedriverVersion&quot;: &quot;114.0.1823.18 (8b9609669814d9cfea3542ea61f14425e1212100)&quot;,
    &quot;userDataDir&quot;: &quot;C:\\Windows\\SystemTemp\\scoped_dir4736_2099378744&quot;
  },
  &quot;pageLoadStrategy&quot;: &quot;normal&quot;,
  &quot;unhandledPromptBehavior&quot;: &quot;dismiss and notify&quot;,
  &quot;strictFileInteractability&quot;: false,
  &quot;se:cdp&quot;: &quot;ws://10.0.2.15:4444/session/ef8e23b5bbab914c62c82eddb055ea43/se/cdp&quot;,
  &quot;proxy&quot;: {
    &quot;proxyType&quot;: &quot;DIRECT&quot;,
    &quot;autodetect&quot;: false
  },
  &quot;webauthn:extension:minPinLength&quot;: true,
  &quot;webauthn:extension:prf&quot;: true,
  &quot;webauthn:virtualAuthenticators&quot;: true
}"/>
         <property name="os" value="Windows 10 64bit"/>
         <property name="remoteOS" value="Windows"/>
         <property name="katalonVersion" value="8.6.0.208"/>
         <property name="browser" value="Edge Chromium 114"/>
         <property name="hostAddress" value="192.168.227.158"/>
         <property name="sessionId" value="ef8e23b5bbab914c62c82eddb055ea43"/>
         <property name="seleniumVersion" value="3.141.59"/>
         <property name="proxyInformation" value="ProxyInformation { proxyOption=NO_PROXY, proxyServerType=HTTP, username=, password=********, proxyServerAddress=, proxyServerPort=0, executionList=&quot;&quot;, isApplyToDesiredCapabilities=true }"/>
         <property name="platform" value="Windows 10"/>
      </properties>
      <testcase name="Test Cases/TestCase3" time="168.182" classname="Test Cases/TestCase3" status="PASSED">
         <system-out><![CDATA[2023-07-10 15:24:35 - [TEST_CASE][PASSED] - Test Cases/TestCase3: Test Cases/TestCase3

2023-07-10 15:24:35 - [TEST_STEP][PASSED] - openBrowser(""): Browser is opened with url: ''

2023-07-10 15:24:35 - [MESSAGE][INFO] - User set preference: ['os', 'windows']

2023-07-10 15:24:35 - [MESSAGE][INFO] - User set preference: ['browserName', 'msedge']

2023-07-10 15:24:35 - [MESSAGE][INFO] - User set preference: ['browserVersion', '114']

2023-07-10 15:24:35 - [MESSAGE][INFO] - User set preference: ['katalon:option', '{organizationId=1191570, tunnelId=, usingTunnel=false}']

2023-07-10 15:24:35 - [MESSAGE][INFO] - Connecting to remote web server 'testcloud.katalon.com/hub' with type 'Selenium'

2023-07-10 15:24:36 - [MESSAGE][INFO] - Action delay is set to 0 milliseconds

2023-07-10 15:26:32 - [MESSAGE][PASSED] - Browser is opened with url: ''

2023-07-10 15:26:32 - [TEST_STEP][PASSED] - navigateToUrl("https://katalon-demo-cura.herokuapp.com/"): Navigate to 'https://katalon-demo-cura.herokuapp.com/' successfully

2023-07-10 15:26:33 - [MESSAGE][PASSED] - Navigate to 'https://katalon-demo-cura.herokuapp.com/' successfully

2023-07-10 15:26:33 - [TEST_STEP][PASSED] - click(findTestObject("Object Repository/ts4/Page_CURA Healthcare Service/a_Make Appointment")): Object: 'Object Repository/ts4/Page_CURA Healthcare Service/a_Make Appointment' is clicked on

2023-07-10 15:26:37 - [MESSAGE][PASSED] - Object: 'Object Repository/ts4/Page_CURA Healthcare Service/a_Make Appointment' is clicked on

2023-07-10 15:26:37 - [TEST_STEP][PASSED] - setText(findTestObject("Object Repository/ts4/Page_CURA Healthcare Service/input_Username_username"), "John Doe"): Text 'John Doe' is set on object 'Object Repository/ts4/Page_CURA Healthcare Service/input_Username_username'

2023-07-10 15:26:43 - [MESSAGE][PASSED] - Text 'John Doe' is set on object 'Object Repository/ts4/Page_CURA Healthcare Service/input_Username_username'

2023-07-10 15:26:43 - [TEST_STEP][PASSED] - setEncryptedText(findTestObject("Object Repository/ts4/Page_CURA Healthcare Service/input_Password_password"), "g3/DOGG74jC3Flrr3yH+3D/yKbOqqUNM"): Text ****** has been set on object 'Object Repository/ts4/Page_CURA Healthcare Service/input_Password_password'

2023-07-10 15:26:47 - [MESSAGE][PASSED] - Text ****** has been set on object 'Object Repository/ts4/Page_CURA Healthcare Service/input_Password_password'

2023-07-10 15:26:47 - [TEST_STEP][PASSED] - click(findTestObject("Object Repository/ts4/Page_CURA Healthcare Service/button_Login")): Object: 'Object Repository/ts4/Page_CURA Healthcare Service/button_Login' is clicked on

2023-07-10 15:26:51 - [MESSAGE][PASSED] - Object: 'Object Repository/ts4/Page_CURA Healthcare Service/button_Login' is clicked on

2023-07-10 15:26:51 - [TEST_STEP][PASSED] - click(findTestObject("Object Repository/ts4/Page_CURA Healthcare Service/input_Apply for hospital readmission_hospit_63901f")): Object: 'Object Repository/ts4/Page_CURA Healthcare Service/input_Apply for hospital readmission_hospit_63901f' is clicked on

2023-07-10 15:26:54 - [MESSAGE][PASSED] - Object: 'Object Repository/ts4/Page_CURA Healthcare Service/input_Apply for hospital readmission_hospit_63901f' is clicked on

2023-07-10 15:26:54 - [TEST_STEP][PASSED] - click(findTestObject("Object Repository/ts4/Page_CURA Healthcare Service/input_Medicaid_programs")): Object: 'Object Repository/ts4/Page_CURA Healthcare Service/input_Medicaid_programs' is clicked on

2023-07-10 15:26:57 - [MESSAGE][PASSED] - Object: 'Object Repository/ts4/Page_CURA Healthcare Service/input_Medicaid_programs' is clicked on

2023-07-10 15:26:57 - [TEST_STEP][PASSED] - click(findTestObject("Object Repository/ts4/Page_CURA Healthcare Service/input_Visit Date (Required)_visit_date")): Object: 'Object Repository/ts4/Page_CURA Healthcare Service/input_Visit Date (Required)_visit_date' is clicked on

2023-07-10 15:27:00 - [MESSAGE][PASSED] - Object: 'Object Repository/ts4/Page_CURA Healthcare Service/input_Visit Date (Required)_visit_date' is clicked on

2023-07-10 15:27:00 - [TEST_STEP][PASSED] - click(findTestObject("Object Repository/ts4/Page_CURA Healthcare Service/td_5")): Object: 'Object Repository/ts4/Page_CURA Healthcare Service/td_5' is clicked on

2023-07-10 15:27:03 - [MESSAGE][PASSED] - Object: 'Object Repository/ts4/Page_CURA Healthcare Service/td_5' is clicked on

2023-07-10 15:27:03 - [TEST_STEP][PASSED] - setText(findTestObject("Object Repository/ts4/Page_CURA Healthcare Service/textarea_Comment_comment"), "ABCD"): Text 'ABCD' is set on object 'Object Repository/ts4/Page_CURA Healthcare Service/textarea_Comment_comment'

2023-07-10 15:27:09 - [MESSAGE][PASSED] - Text 'ABCD' is set on object 'Object Repository/ts4/Page_CURA Healthcare Service/textarea_Comment_comment'

2023-07-10 15:27:09 - [TEST_STEP][PASSED] - click(findTestObject("Object Repository/ts4/Page_CURA Healthcare Service/button_Book Appointment")): Object: 'Object Repository/ts4/Page_CURA Healthcare Service/button_Book Appointment' is clicked on

2023-07-10 15:27:12 - [MESSAGE][PASSED] - Object: 'Object Repository/ts4/Page_CURA Healthcare Service/button_Book Appointment' is clicked on

2023-07-10 15:27:12 - [TEST_STEP][PASSED] - verifyElementPresent(findTestObject("Object Repository/ts4/Page_CURA Healthcare Service/h2_Appointment Confirmation"), 3): Object 'Object Repository/ts4/Page_CURA Healthcare Service/h2_Appointment Confirmation' is present

2023-07-10 15:27:15 - [MESSAGE][PASSED] - Object 'Object Repository/ts4/Page_CURA Healthcare Service/h2_Appointment Confirmation' is present

2023-07-10 15:27:15 - [TEST_STEP][PASSED] - click(findTestObject("Object Repository/ts4/Page_CURA Healthcare Service/a_CURA Healthcare_menu-toggle")): Object: 'Object Repository/ts4/Page_CURA Healthcare Service/a_CURA Healthcare_menu-toggle' is clicked on

2023-07-10 15:27:18 - [MESSAGE][PASSED] - Object: 'Object Repository/ts4/Page_CURA Healthcare Service/a_CURA Healthcare_menu-toggle' is clicked on

2023-07-10 15:27:18 - [TEST_STEP][PASSED] - click(findTestObject("Object Repository/ts4/Page_CURA Healthcare Service/a_Logout")): Object: 'Object Repository/ts4/Page_CURA Healthcare Service/a_Logout' is clicked on

2023-07-10 15:27:21 - [MESSAGE][PASSED] - Object: 'Object Repository/ts4/Page_CURA Healthcare Service/a_Logout' is clicked on

2023-07-10 15:27:21 - [TEST_STEP][PASSED] - closeBrowser(): Browser is closed

2023-07-10 15:27:23 - [MESSAGE][PASSED] - Browser is closed]]></system-out>
         <system-err><![CDATA[]]></system-err>
      </testcase>
      <system-out><![CDATA[2023-07-10 15:24:34 - [TEST_SUITE][PASSED] - TestSuite4: Test Cases/TestCase3]]></system-out>
      <system-err><![CDATA[]]></system-err>
   </testsuite>
</testsuites>
